<?xml version="1.0" encoding="UTF-8"?>
<!-- Generated by org.testng.reporters.JUnitReportReporter -->
<testsuite hostname="DESKTOP-0PHLLM4" failures="0" tests="1" name="Playwrightsessions.PlaywrightTestNGClass" time="48.220" errors="0" timestamp="2024-02-27T17:24:45 IST" skipped="0">
  <testcase classname="Playwrightsessions.PlaywrightTestNGClass" name="testPlaywrightActions" time="48.220"/>
</testsuite> <!-- Playwrightsessions.PlaywrightTestNGClass -->
